c:\users\haro7\desktop\ai_fsm_subject\ai_fsm_subject\debug\vc140.pdb
c:\users\haro7\desktop\ai_fsm_subject\ai_fsm_subject\debug\vc140.idb
c:\users\haro7\desktop\ai_fsm_subject\ai_fsm_subject\debug\basegameentity.obj
c:\users\haro7\desktop\ai_fsm_subject\ai_fsm_subject\debug\crudetimer.obj
c:\users\haro7\desktop\ai_fsm_subject\ai_fsm_subject\debug\entitymanager.obj
c:\users\haro7\desktop\ai_fsm_subject\ai_fsm_subject\debug\gamedevelopcompany.obj
c:\users\haro7\desktop\ai_fsm_subject\ai_fsm_subject\debug\main.obj
c:\users\haro7\desktop\ai_fsm_subject\ai_fsm_subject\debug\messagedispatcher.obj
c:\users\haro7\desktop\ai_fsm_subject\ai_fsm_subject\debug\tester.obj
c:\users\haro7\desktop\ai_fsm_subject\ai_fsm_subject\debug\testerownedstates.obj
c:\users\haro7\desktop\ai_fsm_subject\ai_fsm_subject\debug\gamedevelopemployee.obj
c:\users\haro7\desktop\ai_fsm_subject\debug\ai_fsm_subject.ilk
c:\users\haro7\desktop\ai_fsm_subject\debug\ai_fsm_subject.exe
c:\users\haro7\desktop\ai_fsm_subject\debug\ai_fsm_subject.pdb
c:\users\haro7\desktop\ai_fsm_subject\ai_fsm_subject\debug\ai_fsm_subject.tlog\cl.command.1.tlog
c:\users\haro7\desktop\ai_fsm_subject\ai_fsm_subject\debug\ai_fsm_subject.tlog\cl.read.1.tlog
c:\users\haro7\desktop\ai_fsm_subject\ai_fsm_subject\debug\ai_fsm_subject.tlog\cl.write.1.tlog
c:\users\haro7\desktop\ai_fsm_subject\ai_fsm_subject\debug\ai_fsm_subject.tlog\link.command.1.tlog
c:\users\haro7\desktop\ai_fsm_subject\ai_fsm_subject\debug\ai_fsm_subject.tlog\link.read.1.tlog
c:\users\haro7\desktop\ai_fsm_subject\ai_fsm_subject\debug\ai_fsm_subject.tlog\link.write.1.tlog
